npm verb cli C:\Program Files\nodejs\node.exe C:\Program Files\nodejs\node_modules\npm\bin\npm-cli.js
npm info using npm@9.5.1
npm info using node@v18.16.0
npm verb title npm install
npm verb argv "install" "--legacy-peer-deps" "--loglevel" "verbose"
npm verb logfile logs-max:10 dir:C:\Users\compro\AppData\Local\npm-cache\_logs\2024-05-01T10_56_23_239Z-
npm verb logfile C:\Users\compro\AppData\Local\npm-cache\_logs\2024-05-01T10_56_23_239Z-debug-0.log
npm http fetch GET 200 https://registry.npmjs.org/cypress 128ms (cache revalidated)
npm http fetch GET 200 https://registry.npmjs.org/cypress-xpath 1136ms (cache revalidated)
npm http fetch GET 200 https://registry.npmjs.org/browserstack-cypress-cli 1043ms (cache revalidated)
npm http fetch GET 200 https://registry.npmjs.org/async 157ms (cache revalidated)
npm http fetch GET 200 https://registry.npmjs.org/chalk 394ms (cache revalidated)
npm http fetch GET 200 https://registry.npmjs.org/glob 392ms (cache revalidated)
npm http fetch GET 200 https://registry.npmjs.org/table 394ms (cache revalidated)
npm http fetch GET 200 https://registry.npmjs.org/update-notifier 394ms (cache revalidated)
npm http fetch GET 200 https://registry.npmjs.org/gitconfiglocal 399ms (cache revalidated)
npm http fetch GET 200 https://registry.npmjs.org/mkdirp 400ms (cache revalidated)
npm http fetch GET 200 https://registry.npmjs.org/windows-release 403ms (cache revalidated)
npm http fetch GET 200 https://registry.npmjs.org/uuid 405ms (cache revalidated)
npm http fetch GET 200 https://registry.npmjs.org/request 409ms (cache revalidated)
npm http fetch GET 200 https://registry.npmjs.org/mocha 412ms (cache revalidated)
npm http fetch GET 200 https://registry.npmjs.org/winston 418ms (cache revalidated)
npm http fetch GET 200 https://registry.npmjs.org/bluebird 421ms (cache revalidated)
npm http fetch GET 200 https://registry.npmjs.org/chalk 421ms (cache revalidated)
npm http fetch GET 200 https://registry.npmjs.org/@types%2fsizzle 428ms (cache revalidated)
npm http fetch GET 200 https://registry.npmjs.org/@cypress%2frequest 445ms (cache revalidated)
npm http fetch GET 200 https://registry.npmjs.org/arch 444ms (cache revalidated)
npm http fetch GET 200 https://registry.npmjs.org/yargs 450ms (cache revalidated)
npm http fetch GET 200 https://registry.npmjs.org/check-more-types 446ms (cache revalidated)
npm http fetch GET 200 https://registry.npmjs.org/decompress 463ms (cache revalidated)
npm http fetch GET 200 https://registry.npmjs.org/cachedir 462ms (cache revalidated)
npm http fetch GET 200 https://registry.npmjs.org/common-tags 479ms (cache revalidated)
npm http fetch GET 200 https://registry.npmjs.org/commander 480ms (cache revalidated)
npm http fetch GET 200 https://registry.npmjs.org/cli-cursor 498ms (cache revalidated)
npm http fetch GET 200 https://registry.npmjs.org/buffer 523ms (cache revalidated)
npm http fetch GET 200 https://registry.npmjs.org/executable 536ms (cache revalidated)
npm http fetch GET 200 https://registry.npmjs.org/dayjs 553ms (cache revalidated)
npm http fetch GET 200 https://registry.npmjs.org/debug 572ms (cache revalidated)
npm http fetch GET 200 https://registry.npmjs.org/enquirer 592ms (cache revalidated)
npm http fetch GET 200 https://registry.npmjs.org/execa 607ms (cache revalidated)
npm http fetch GET 200 https://registry.npmjs.org/fs-extra 624ms (cache revalidated)
npm http fetch GET 200 https://registry.npmjs.org/is-installed-globally 642ms (cache revalidated)
npm http fetch GET 200 https://registry.npmjs.org/getos 665ms (cache revalidated)
npm http fetch GET 200 https://registry.npmjs.org/blob-util 681ms (cache revalidated)
npm http fetch GET 200 https://registry.npmjs.org/figures 688ms (cache revalidated)
npm http fetch GET 200 https://registry.npmjs.org/lodash 682ms (cache revalidated)
npm http fetch GET 200 https://registry.npmjs.org/is-ci 706ms (cache revalidated)
npm http fetch GET 200 https://registry.npmjs.org/extract-zip 726ms (cache revalidated)
npm http fetch GET 200 https://registry.npmjs.org/lazy-ass 721ms (cache revalidated)
npm http fetch GET 200 https://registry.npmjs.org/log-symbols 737ms (cache revalidated)
npm http fetch GET 200 https://registry.npmjs.org/minimist 737ms (cache revalidated)
npm http fetch GET 200 https://registry.npmjs.org/eventemitter2 748ms (cache revalidated)
npm http fetch GET 200 https://registry.npmjs.org/tmp 752ms (cache revalidated)
npm http fetch GET 200 https://registry.npmjs.org/proxy-from-env 755ms (cache revalidated)
npm http fetch GET 200 https://registry.npmjs.org/listr2 760ms (cache revalidated)
npm http fetch GET 200 https://registry.npmjs.org/ospath 775ms (cache revalidated)
npm http fetch GET 200 https://registry.npmjs.org/pretty-bytes 779ms (cache revalidated)
npm http fetch GET 200 https://registry.npmjs.org/process 780ms (cache revalidated)
npm http fetch GET 200 https://registry.npmjs.org/supports-color 787ms (cache revalidated)
npm http fetch GET 200 https://registry.npmjs.org/semver 791ms (cache revalidated)
npm http fetch GET 200 https://registry.npmjs.org/request-progress 793ms (cache revalidated)
npm http fetch GET 200 https://registry.npmjs.org/untildify 809ms (cache revalidated)
npm http fetch GET 200 https://registry.npmjs.org/yauzl 1023ms (cache revalidated)
npm http fetch GET 200 https://registry.npmjs.org/getmac 1079ms (cache revalidated)
npm http fetch GET 200 https://registry.npmjs.org/node-ipc 1270ms (cache revalidated)
npm http fetch GET 200 https://registry.npmjs.org/browserstack-local 1301ms (cache revalidated)
npm http fetch GET 200 https://registry.npmjs.org/git-last-commit 1312ms (cache revalidated)
npm http fetch GET 200 https://registry.npmjs.org/cli-progress 1490ms (cache revalidated)
npm http fetch GET 200 https://registry.npmjs.org/cli-table3 1544ms (cache revalidated)
npm http fetch GET 200 https://registry.npmjs.org/@cypress%2fxvfb 1723ms (cache revalidated)
npm http fetch GET 200 https://registry.npmjs.org/@types%2fsinonjs__fake-timers 1896ms (cache revalidated)
npm http fetch GET 200 https://registry.npmjs.org/archiver 2155ms (cache revalidated)
npm http fetch GET 200 https://registry.npmjs.org/git-repo-info 3074ms (cache revalidated)
npm http fetch GET 200 https://registry.npmjs.org/requestretry 3345ms (cache revalidated)
npm http fetch GET 200 https://registry.npmjs.org/fs-extra 4226ms (cache revalidated)
npm http fetch GET 200 https://registry.npmjs.org/decompress-unzip 162ms (cache revalidated)
npm http fetch GET 200 https://registry.npmjs.org/decompress-tar 164ms (cache revalidated)
npm http fetch GET 200 https://registry.npmjs.org/archiver-utils 172ms (cache revalidated)
npm http fetch GET 200 https://registry.npmjs.org/https-proxy-agent 168ms (cache revalidated)
npm http fetch GET 200 https://registry.npmjs.org/string-width 165ms (cache revalidated)
npm http fetch GET 200 https://registry.npmjs.org/tar-stream 170ms (cache revalidated)
npm http fetch GET 200 https://registry.npmjs.org/agent-base 168ms (cache revalidated)
npm http fetch GET 200 https://registry.npmjs.org/graceful-fs 166ms (cache revalidated)
npm http fetch GET 200 https://registry.npmjs.org/graceful-fs 175ms (cache revalidated)
npm http fetch GET 200 https://registry.npmjs.org/make-dir 176ms (cache revalidated)
npm http fetch GET 200 https://registry.npmjs.org/once 194ms (cache revalidated)
npm http fetch GET 200 https://registry.npmjs.org/buffer-crc32 207ms (cache revalidated)
npm http fetch GET 200 https://registry.npmjs.org/jsonfile 217ms (cache revalidated)
npm http fetch GET 200 https://registry.npmjs.org/ansi-styles 394ms (cache revalidated)
npm http fetch GET 200 https://registry.npmjs.org/ini 390ms (cache revalidated)
npm http fetch GET 200 https://registry.npmjs.org/inherits 392ms (cache revalidated)
npm http fetch GET 200 https://registry.npmjs.org/pify 398ms (cache revalidated)
npm http fetch GET 200 https://registry.npmjs.org/fs.realpath 412ms (cache revalidated)
npm http fetch GET 200 https://registry.npmjs.org/browser-stdout 414ms (cache revalidated)
npm http fetch GET 200 https://registry.npmjs.org/@types%2fnode 420ms (cache revalidated)
npm http fetch GET 200 https://registry.npmjs.org/decompress-tarbz2 444ms (cache revalidated)
npm http fetch GET 200 https://registry.npmjs.org/temp-fs 450ms (cache revalidated)
npm http fetch GET 200 https://registry.npmjs.org/chokidar 441ms (cache revalidated)
npm http fetch GET 200 https://registry.npmjs.org/path-is-absolute 443ms (cache revalidated)
npm http fetch GET 200 https://registry.npmjs.org/minimatch 436ms (cache revalidated)
npm http fetch GET 200 https://registry.npmjs.org/strip-dirs 450ms (cache revalidated)
npm http fetch GET 200 https://registry.npmjs.org/escape-string-regexp 459ms (cache revalidated)
npm http fetch GET 200 https://registry.npmjs.org/workerpool 453ms (cache revalidated)
npm http fetch GET 200 https://registry.npmjs.org/minimatch 486ms (cache revalidated)
npm http fetch GET 200 https://registry.npmjs.org/yargs-parser 497ms (cache revalidated)
npm http fetch GET 200 https://registry.npmjs.org/decompress-targz 600ms (cache revalidated)
npm http fetch GET 200 https://registry.npmjs.org/inflight 638ms (cache revalidated)
npm http fetch GET 200 https://registry.npmjs.org/universalify 640ms (cache revalidated)
npm http fetch GET 200 https://registry.npmjs.org/ansi-colors 658ms (cache revalidated)
npm http fetch GET 200 https://registry.npmjs.org/find-up 677ms (cache revalidated)
npm http fetch GET 200 https://registry.npmjs.org/readable-stream 694ms (cache revalidated)
npm http fetch GET 200 https://registry.npmjs.org/strip-json-comments 673ms (cache revalidated)
npm http fetch GET 200 https://registry.npmjs.org/aws-sign2 698ms (cache revalidated)
npm http fetch GET 200 https://registry.npmjs.org/http-signature 698ms (cache revalidated)
npm http fetch GET 200 https://registry.npmjs.org/serialize-javascript 707ms (cache revalidated)
npm http fetch GET 200 https://registry.npmjs.org/he 712ms (cache revalidated)
npm http fetch GET 200 https://registry.npmjs.org/json-stringify-safe 729ms (cache revalidated)
npm http fetch GET 200 https://registry.npmjs.org/yargs-unparser 734ms (cache revalidated)
npm http fetch GET 200 https://registry.npmjs.org/combined-stream 758ms (cache revalidated)
npm http fetch GET 200 https://registry.npmjs.org/diff 901ms (cache revalidated)
npm http fetch GET 200 https://registry.npmjs.org/aws4 908ms (cache revalidated)
npm http fetch GET 200 https://registry.npmjs.org/form-data 948ms (cache revalidated)
npm http fetch GET 200 https://registry.npmjs.org/readdir-glob 984ms (cache revalidated)
npm http fetch GET 200 https://registry.npmjs.org/caseless 967ms (cache revalidated)
npm http fetch GET 200 https://registry.npmjs.org/safe-buffer 967ms (cache revalidated)
npm http fetch GET 200 https://registry.npmjs.org/qs 987ms (cache revalidated)
npm http fetch GET 200 https://registry.npmjs.org/tunnel-agent 1006ms (cache revalidated)
npm http fetch GET 200 https://registry.npmjs.org/extend 1019ms (cache revalidated)
npm http fetch GET 200 https://registry.npmjs.org/forever-agent 1128ms (cache revalidated)
npm http fetch GET 200 https://registry.npmjs.org/performance-now 1143ms (cache revalidated)
npm http fetch GET 200 https://registry.npmjs.org/extend 1158ms (cache revalidated)
npm http fetch GET 200 https://registry.npmjs.org/ajv 1157ms (cache revalidated)
npm http fetch GET 200 https://registry.npmjs.org/oauth-sign 1176ms (cache revalidated)
npm http fetch GET 200 https://registry.npmjs.org/boxen 1192ms (cache revalidated)
npm http fetch GET 200 https://registry.npmjs.org/har-validator 1206ms (cache revalidated)
npm http fetch GET 200 https://registry.npmjs.org/mime-types 1213ms (cache revalidated)
npm http fetch GET 200 https://registry.npmjs.org/tough-cookie 1224ms (cache revalidated)
npm http fetch GET 200 https://registry.npmjs.org/slice-ansi 1222ms (cache revalidated)
npm http fetch GET 200 https://registry.npmjs.org/pupa 1239ms (cache revalidated)
npm http fetch GET 200 https://registry.npmjs.org/js-yaml 1260ms (cache revalidated)
npm http fetch GET 200 https://registry.npmjs.org/zip-stream 1296ms (cache revalidated)
npm http fetch GET 200 https://registry.npmjs.org/is-typedarray 1273ms (cache revalidated)
npm http fetch GET 200 https://registry.npmjs.org/xdg-basedir 1261ms (cache revalidated)
npm http fetch GET 200 https://registry.npmjs.org/latest-version 1263ms (cache revalidated)
npm http fetch GET 200 https://registry.npmjs.org/find-up 1275ms (cache revalidated)
npm http fetch GET 200 https://registry.npmjs.org/has-yarn 1397ms (cache revalidated)
npm http fetch GET 200 https://registry.npmjs.org/ps-tree 1430ms (cache revalidated)
npm http fetch GET 200 https://registry.npmjs.org/import-lazy 1416ms (cache revalidated)
npm http fetch GET 200 https://registry.npmjs.org/isstream 1413ms (cache revalidated)
npm http fetch GET 200 https://registry.npmjs.org/decamelize 1427ms (cache revalidated)
npm http fetch GET 200 https://registry.npmjs.org/colors 1451ms (cache revalidated)
npm http fetch GET 200 https://registry.npmjs.org/semver-diff 1493ms (cache revalidated)
npm http fetch GET 200 https://registry.npmjs.org/get-caller-file 1497ms (cache revalidated)
npm http fetch GET 200 https://registry.npmjs.org/js-message 1519ms (cache revalidated)
npm http fetch GET 200 https://registry.npmjs.org/event-pubsub 1519ms (cache revalidated)
npm http fetch GET 200 https://registry.npmjs.org/is-running 1540ms (cache revalidated)
npm http fetch GET 200 https://registry.npmjs.org/cliui 1506ms (cache revalidated)
npm http fetch GET 200 https://registry.npmjs.org/require-directory 1520ms (cache revalidated)
npm http fetch GET 200 https://registry.npmjs.org/which-module 1523ms (cache revalidated)
npm http fetch GET 200 https://registry.npmjs.org/is-npm 1537ms (cache revalidated)
npm http fetch GET 200 https://registry.npmjs.org/is-yarn-global 1686ms (cache revalidated)
npm http fetch GET 200 https://registry.npmjs.org/js-queue 1713ms (cache revalidated)
npm http fetch GET 200 https://registry.npmjs.org/require-main-filename 1734ms (cache revalidated)
npm http fetch GET 200 https://registry.npmjs.org/yargs-parser 1737ms (cache revalidated)
npm http fetch GET 200 https://registry.npmjs.org/set-blocking 1751ms (cache revalidated)
npm http fetch GET 200 https://registry.npmjs.org/y18n 1766ms (cache revalidated)
npm http fetch GET 200 https://registry.npmjs.org/isstream 1890ms (cache revalidated)
npm http fetch GET 200 https://registry.npmjs.org/string-width 2417ms (cache revalidated)
npm http fetch GET 200 https://registry.npmjs.org/cycle 2416ms (cache revalidated)
npm http fetch GET 200 https://registry.npmjs.org/stack-trace 2483ms (cache revalidated)
npm http fetch GET 200 https://registry.npmjs.org/configstore 2947ms (cache revalidated)
npm http fetch GET 200 https://registry.npmjs.org/eyes 3055ms (cache revalidated)
npm http fetch GET 200 https://registry.npmjs.org/ms 9466ms (cache revalidated)
npm http fetch GET 200 https://registry.npmjs.org/lodash.defaults 44ms (cache revalidated)
npm http fetch GET 200 https://registry.npmjs.org/lazystream 45ms (cache revalidated)
npm http fetch GET 200 https://registry.npmjs.org/normalize-path 43ms (cache revalidated)
npm http fetch GET 200 https://registry.npmjs.org/lodash.union 44ms (cache revalidated)
npm http fetch GET 200 https://registry.npmjs.org/lodash.flatten 52ms (cache revalidated)
npm http fetch GET 200 https://registry.npmjs.org/util-deprecate 50ms (cache revalidated)
npm http fetch GET 200 https://registry.npmjs.org/fs-constants 45ms (cache revalidated)
npm http fetch GET 200 https://registry.npmjs.org/lodash.isplainobject 53ms (cache revalidated)
npm http fetch GET 200 https://registry.npmjs.org/string_decoder 51ms (cache revalidated)
npm http fetch GET 200 https://registry.npmjs.org/bl 270ms (cache revalidated)
npm http fetch GET 200 https://registry.npmjs.org/compress-commons 266ms (cache revalidated)
npm http fetch GET 200 https://registry.npmjs.org/end-of-stream 275ms (cache revalidated)
npm http fetch GET 200 https://registry.npmjs.org/lodash.difference 1122ms (cache revalidated)
npm http fetch GET 200 https://registry.npmjs.org/core-util-is 32ms (cache revalidated)
npm http fetch GET 200 https://registry.npmjs.org/process-nextick-args 259ms (cache revalidated)
npm http fetch GET 200 https://registry.npmjs.org/isarray 328ms (cache revalidated)
npm http fetch GET 200 https://registry.npmjs.org/rimraf 27ms (cache revalidated)
npm http fetch GET 200 https://registry.npmjs.org/event-stream 30ms (cache revalidated)
npm http fetch GET 200 https://registry.npmjs.org/has-flag 27ms (cache revalidated)
npm http fetch GET 200 https://registry.npmjs.org/color-convert 29ms (cache revalidated)
npm http fetch GET 200 https://registry.npmjs.org/color-name 27ms (cache revalidated)
npm http fetch GET 200 https://registry.npmjs.org/is-fullwidth-code-point 29ms (cache revalidated)
npm http fetch GET 200 https://registry.npmjs.org/emoji-regex 32ms (cache revalidated)
npm http fetch GET 200 https://registry.npmjs.org/strip-ansi 32ms (cache revalidated)
npm http fetch GET 200 https://registry.npmjs.org/lodash.once 73ms (cache revalidated)
npm http fetch GET 200 https://registry.npmjs.org/merge-stream 71ms (cache revalidated)
npm http fetch GET 200 https://registry.npmjs.org/human-signals 74ms (cache revalidated)
npm http fetch GET 200 https://registry.npmjs.org/ieee754 77ms (cache revalidated)
npm http fetch GET 200 https://registry.npmjs.org/get-stream 71ms (cache revalidated)
npm http fetch GET 200 https://registry.npmjs.org/signal-exit 73ms (cache revalidated)
npm http fetch GET 200 https://registry.npmjs.org/ci-info 71ms (cache revalidated)
npm http fetch GET 200 https://registry.npmjs.org/get-stream 81ms (cache revalidated)
npm http fetch GET 200 https://registry.npmjs.org/@types%2fyauzl 78ms (cache revalidated)
npm http fetch GET 200 https://registry.npmjs.org/base64-js 86ms (cache revalidated)
npm http fetch GET 200 https://registry.npmjs.org/global-dirs 86ms (cache revalidated)
npm http fetch GET 200 https://registry.npmjs.org/at-least-node 91ms (cache revalidated)
npm http fetch GET 200 https://registry.npmjs.org/is-path-inside 91ms (cache revalidated)
npm http fetch GET 200 https://registry.npmjs.org/colorette 90ms (cache revalidated)
npm http fetch GET 200 https://registry.npmjs.org/log-update 90ms (cache revalidated)
npm http fetch GET 200 https://registry.npmjs.org/is-stream 97ms (cache revalidated)
npm http fetch GET 200 https://registry.npmjs.org/p-map 91ms (cache revalidated)
npm http fetch GET 200 https://registry.npmjs.org/through 91ms (cache revalidated)
npm http fetch GET 200 https://registry.npmjs.org/cli-truncate 95ms (cache revalidated)
npm http fetch GET 200 https://registry.npmjs.org/is-unicode-supported 91ms (cache revalidated)
npm http fetch GET 200 https://registry.npmjs.org/fd-slicer 90ms (cache revalidated)
npm http fetch GET 200 https://registry.npmjs.org/throttleit 95ms (cache revalidated)
npm http fetch GET 200 https://registry.npmjs.org/cross-spawn 108ms (cache revalidated)
npm http fetch GET 200 https://registry.npmjs.org/lru-cache 98ms (cache revalidated)
npm http fetch GET 200 https://registry.npmjs.org/npm-run-path 112ms (cache revalidated)
npm http fetch GET 200 https://registry.npmjs.org/wrap-ansi 179ms (cache revalidated)
npm http fetch GET 200 https://registry.npmjs.org/onetime 292ms (cache revalidated)
npm http fetch GET 200 https://registry.npmjs.org/rxjs 334ms (cache revalidated)
npm http fetch GET 200 https://registry.npmjs.org/strip-final-newline 869ms (cache revalidated)
npm http fetch GET 200 https://registry.npmjs.org/rfdc 918ms (cache revalidated)
npm http fetch GET 200 https://registry.npmjs.org/restore-cursor 935ms (cache revalidated)
npm http fetch GET 200 https://registry.npmjs.org/@colors%2fcolors 2130ms (cache revalidated)
npm http fetch GET 200 https://registry.npmjs.org/assert-plus 42ms (cache revalidated)
npm http fetch GET 200 https://registry.npmjs.org/url-parse 38ms (cache revalidated)
npm http fetch GET 200 https://registry.npmjs.org/mime-db 42ms (cache revalidated)
npm http fetch GET 200 https://registry.npmjs.org/asynckit 46ms (cache revalidated)
npm http fetch GET 200 https://registry.npmjs.org/punycode 43ms (cache revalidated)
npm http fetch GET 200 https://registry.npmjs.org/sshpk 47ms (cache revalidated)
npm http fetch GET 200 https://registry.npmjs.org/psl 46ms (cache revalidated)
npm http fetch GET 200 https://registry.npmjs.org/jsprim 53ms (cache revalidated)
npm http fetch GET 200 https://registry.npmjs.org/side-channel 53ms (cache revalidated)
npm http fetch GET 200 https://registry.npmjs.org/delayed-stream 276ms (cache revalidated)
npm http fetch GET 200 https://registry.npmjs.org/file-type 45ms (cache revalidated)
npm http fetch GET 200 https://registry.npmjs.org/seek-bzip 45ms (cache revalidated)
npm http fetch GET 200 https://registry.npmjs.org/file-type 48ms (cache revalidated)
npm http fetch GET 200 https://registry.npmjs.org/unbzip2-stream 48ms (cache revalidated)
npm http fetch GET 200 https://registry.npmjs.org/file-type 49ms (cache revalidated)
npm http fetch GET 200 https://registry.npmjs.org/is-natural-number 52ms (cache revalidated)
npm http fetch GET 200 https://registry.npmjs.org/buffer-alloc 29ms (cache revalidated)
npm http fetch GET 200 https://registry.npmjs.org/to-buffer 30ms (cache revalidated)
npm http fetch GET 200 https://registry.npmjs.org/xtend 32ms (cache revalidated)
npm http fetch GET 200 https://registry.npmjs.org/object-assign 36ms (cache revalidated)
npm http fetch GET 200 https://registry.npmjs.org/pinkie-promise 38ms (cache revalidated)
npm http fetch GET 200 https://registry.npmjs.org/ansi-regex 26ms (cache revalidated)
npm http fetch GET 200 https://registry.npmjs.org/pump 34ms (cache revalidated)
npm http fetch GET 200 https://registry.npmjs.org/path-key 35ms (cache revalidated)
npm http fetch GET 200 https://registry.npmjs.org/which 36ms (cache revalidated)
npm http fetch GET 200 https://registry.npmjs.org/mimic-fn 36ms (cache revalidated)
npm http fetch GET 200 https://registry.npmjs.org/path-key 40ms (cache revalidated)
npm http fetch GET 200 https://registry.npmjs.org/shebang-command 891ms (cache revalidated)
npm http fetch GET 200 https://registry.npmjs.org/isexe 28ms (cache revalidated)
npm http fetch GET 200 https://registry.npmjs.org/shebang-regex 29ms (cache revalidated)
npm http fetch GET 200 https://registry.npmjs.org/undici-types 270ms (cache revalidated)
npm http fetch GET 200 https://registry.npmjs.org/pinkie 260ms (cache revalidated)
npm http fetch GET 200 https://registry.npmjs.org/wrappy 31ms (cache revalidated)
npm http fetch GET 200 https://registry.npmjs.org/brace-expansion 32ms (cache revalidated)
npm http fetch GET 200 https://registry.npmjs.org/dashdash 34ms (cache revalidated)
npm http fetch GET 200 https://registry.npmjs.org/getpass 35ms (cache revalidated)
npm http fetch GET 200 https://registry.npmjs.org/safer-buffer 34ms (cache revalidated)
npm http fetch GET 200 https://registry.npmjs.org/json-schema 40ms (cache revalidated)
npm http fetch GET 200 https://registry.npmjs.org/extsprintf 41ms (cache revalidated)
npm http fetch GET 200 https://registry.npmjs.org/jsbn 40ms (cache revalidated)
npm http fetch GET 200 https://registry.npmjs.org/tweetnacl 39ms (cache revalidated)
npm http fetch GET 200 https://registry.npmjs.org/asn1 42ms (cache revalidated)
npm http fetch GET 200 https://registry.npmjs.org/ecc-jsbn 40ms (cache revalidated)
npm http fetch GET 200 https://registry.npmjs.org/bcrypt-pbkdf 43ms (cache revalidated)
npm http fetch GET 200 https://registry.npmjs.org/verror 276ms (cache revalidated)
npm http fetch GET 200 https://registry.npmjs.org/tslib 32ms (cache revalidated)
npm http fetch GET 200 https://registry.npmjs.org/ansi-escapes 32ms (cache revalidated)
npm http fetch GET 200 https://registry.npmjs.org/aggregate-error 33ms (cache revalidated)
npm http fetch GET 200 https://registry.npmjs.org/astral-regex 28ms (cache revalidated)
npm http fetch GET 200 https://registry.npmjs.org/type-fest 25ms (cache revalidated)
npm http fetch GET 200 https://registry.npmjs.org/balanced-match 29ms (cache revalidated)
npm http fetch GET 200 https://registry.npmjs.org/concat-map 28ms (cache revalidated)
npm http fetch GET 200 https://registry.npmjs.org/is-binary-path 49ms (cache revalidated)
npm http fetch GET 200 https://registry.npmjs.org/locate-path 48ms (cache revalidated)
npm http fetch GET 200 https://registry.npmjs.org/argparse 48ms (cache revalidated)
npm http fetch GET 200 https://registry.npmjs.org/anymatch 52ms (cache revalidated)
npm http fetch GET 200 https://registry.npmjs.org/randombytes 50ms (cache revalidated)
npm http fetch GET 200 https://registry.npmjs.org/is-glob 53ms (cache revalidated)
npm http fetch GET 200 https://registry.npmjs.org/braces 56ms (cache revalidated)
npm http fetch GET 200 https://registry.npmjs.org/path-exists 54ms (cache revalidated)
npm http fetch GET 200 https://registry.npmjs.org/fsevents 55ms (cache revalidated)
npm http fetch GET 200 https://registry.npmjs.org/glob-parent 58ms (cache revalidated)
npm http fetch GET 200 https://registry.npmjs.org/readdirp 57ms (cache revalidated)
npm http fetch GET 200 https://registry.npmjs.org/flat 54ms (cache revalidated)
npm http fetch GET 200 https://registry.npmjs.org/is-plain-obj 55ms (cache revalidated)
npm http fetch GET 200 https://registry.npmjs.org/camelcase 57ms (cache revalidated)
npm http fetch GET 200 https://registry.npmjs.org/escalade 864ms (cache revalidated)
npm http fetch GET 200 https://registry.npmjs.org/binary-extensions 28ms (cache revalidated)
npm http fetch GET 200 https://registry.npmjs.org/fill-range 30ms (cache revalidated)
npm http fetch GET 200 https://registry.npmjs.org/is-extglob 31ms (cache revalidated)
npm http fetch GET 200 https://registry.npmjs.org/picomatch 31ms (cache revalidated)
npm http fetch GET 200 https://registry.npmjs.org/picomatch 34ms (cache revalidated)
npm http fetch GET 200 https://registry.npmjs.org/to-regex-range 25ms (cache revalidated)
npm http fetch GET 200 https://registry.npmjs.org/is-number 26ms (cache revalidated)
npm http fetch GET 200 https://registry.npmjs.org/p-locate 31ms (cache revalidated)
npm http fetch GET 200 https://registry.npmjs.org/p-limit 32ms (cache revalidated)
npm http fetch GET 200 https://registry.npmjs.org/easy-stack 832ms (cache revalidated)
npm http fetch GET 200 https://registry.npmjs.org/yocto-queue 28ms (cache revalidated)
npm http fetch GET 200 https://registry.npmjs.org/indent-string 26ms (cache revalidated)
npm http fetch GET 200 https://registry.npmjs.org/clean-stack 272ms (cache revalidated)
npm http fetch GET 200 https://registry.npmjs.org/map-stream 31ms (cache revalidated)
npm http fetch GET 200 https://registry.npmjs.org/from 32ms (cache revalidated)
npm http fetch GET 200 https://registry.npmjs.org/split 35ms (cache revalidated)
npm http fetch GET 200 https://registry.npmjs.org/stream-combiner 36ms (cache revalidated)
npm http fetch GET 200 https://registry.npmjs.org/duplexer 38ms (cache revalidated)
npm http fetch GET 200 https://registry.npmjs.org/pause-stream 47ms (cache revalidated)
npm http fetch GET 200 https://registry.npmjs.org/call-bind 29ms (cache revalidated)
npm http fetch GET 200 https://registry.npmjs.org/get-intrinsic 31ms (cache revalidated)
npm http fetch GET 200 https://registry.npmjs.org/object-inspect 32ms (cache revalidated)
npm http fetch GET 200 https://registry.npmjs.org/es-errors 33ms (cache revalidated)
npm http fetch GET 200 https://registry.npmjs.org/har-schema 32ms (cache revalidated)
npm http fetch GET 200 https://registry.npmjs.org/json-schema-traverse 31ms (cache revalidated)
npm http fetch GET 200 https://registry.npmjs.org/fast-json-stable-stringify 36ms (cache revalidated)
npm http fetch GET 200 https://registry.npmjs.org/uri-js 260ms (cache revalidated)
npm http fetch GET 200 https://registry.npmjs.org/fast-deep-equal 280ms (cache revalidated)
npm http fetch GET 200 https://registry.npmjs.org/yallist 31ms (cache revalidated)
npm http fetch GET 200 https://registry.npmjs.org/has-proto 32ms (cache revalidated)
npm http fetch GET 200 https://registry.npmjs.org/function-bind 33ms (cache revalidated)
npm http fetch GET 200 https://registry.npmjs.org/es-define-property 35ms (cache revalidated)
npm http fetch GET 200 https://registry.npmjs.org/hasown 33ms (cache revalidated)
npm http fetch GET 200 https://registry.npmjs.org/has-symbols 35ms (cache revalidated)
npm http fetch GET 200 https://registry.npmjs.org/set-function-length 35ms (cache revalidated)
npm http fetch GET 200 https://registry.npmjs.org/define-data-property 26ms (cache revalidated)
npm http fetch GET 200 https://registry.npmjs.org/has-property-descriptors 28ms (cache revalidated)
npm http fetch GET 200 https://registry.npmjs.org/gopd 33ms (cache revalidated)
npm http fetch GET 200 https://registry.npmjs.org/querystringify 30ms (cache revalidated)
npm http fetch GET 200 https://registry.npmjs.org/requires-port 33ms (cache revalidated)
npm http fetch GET 200 https://registry.npmjs.org/widest-line 34ms (cache revalidated)
npm http fetch GET 200 https://registry.npmjs.org/escape-goat 33ms (cache revalidated)
npm http fetch GET 200 https://registry.npmjs.org/cli-boxes 36ms (cache revalidated)
npm http fetch GET 200 https://registry.npmjs.org/unique-string 36ms (cache revalidated)
npm http fetch GET 200 https://registry.npmjs.org/ansi-align 38ms (cache revalidated)
npm http fetch GET 200 https://registry.npmjs.org/dot-prop 37ms (cache revalidated)
npm http fetch GET 200 https://registry.npmjs.org/write-file-atomic 38ms (cache revalidated)
npm http fetch GET 200 https://registry.npmjs.org/package-json 37ms (cache revalidated)
npm http fetch GET 200 https://registry.npmjs.org/crypto-random-string 31ms (cache revalidated)
npm http fetch GET 200 https://registry.npmjs.org/is-obj 32ms (cache revalidated)
npm http fetch GET 200 https://registry.npmjs.org/imurmurhash 33ms (cache revalidated)
npm http fetch GET 200 https://registry.npmjs.org/typedarray-to-buffer 54ms (cache revalidated)
npm http fetch GET 200 https://registry.npmjs.org/got 27ms (cache revalidated)
npm http fetch GET 200 https://registry.npmjs.org/registry-url 32ms (cache revalidated)
npm http fetch GET 200 https://registry.npmjs.org/registry-auth-token 34ms (cache revalidated)
npm http fetch GET 200 https://registry.npmjs.org/lowercase-keys 41ms (cache revalidated)
npm http fetch GET 200 https://registry.npmjs.org/cacheable-request 44ms (cache revalidated)
npm http fetch GET 200 https://registry.npmjs.org/mimic-response 46ms (cache revalidated)
npm http fetch GET 200 https://registry.npmjs.org/to-readable-stream 45ms (cache revalidated)
npm http fetch GET 200 https://registry.npmjs.org/rc 43ms (cache revalidated)
npm http fetch GET 200 https://registry.npmjs.org/rc 46ms (cache revalidated)
npm http fetch GET 200 https://registry.npmjs.org/duplexer3 68ms (cache revalidated)
npm http fetch GET 200 https://registry.npmjs.org/@szmarczak%2fhttp-timer 73ms (cache revalidated)
npm http fetch GET 200 https://registry.npmjs.org/p-cancelable 71ms (cache revalidated)
npm http fetch GET 200 https://registry.npmjs.org/decompress-response 891ms (cache revalidated)
npm http fetch GET 200 https://registry.npmjs.org/@sindresorhus%2fis 894ms (cache revalidated)
npm http fetch GET 200 https://registry.npmjs.org/url-parse-lax 896ms (cache revalidated)
npm http fetch GET 200 https://registry.npmjs.org/clone-response 34ms (cache revalidated)
npm http fetch GET 200 https://registry.npmjs.org/http-cache-semantics 33ms (cache revalidated)
npm http fetch GET 200 https://registry.npmjs.org/defer-to-connect 34ms (cache revalidated)
npm http fetch GET 200 https://registry.npmjs.org/keyv 34ms (cache revalidated)
npm http fetch GET 200 https://registry.npmjs.org/prepend-http 35ms (cache revalidated)
npm http fetch GET 200 https://registry.npmjs.org/responselike 35ms (cache revalidated)
npm http fetch GET 200 https://registry.npmjs.org/normalize-url 275ms (cache revalidated)
npm http fetch GET 200 https://registry.npmjs.org/json-buffer 28ms (cache revalidated)
npm http fetch GET 200 https://registry.npmjs.org/deep-extend 28ms (cache revalidated)
npm http fetch GET 200 https://registry.npmjs.org/pend 30ms (cache revalidated)
npm http fetch GET 200 https://registry.npmjs.org/crc32-stream 831ms (cache revalidated)
npm http fetch GET 200 https://registry.npmjs.org/crc-32 52ms (cache revalidated)
npm http fetch GET 200 https://registry.npmjs.org/buffer-fill 29ms (cache revalidated)
npm http fetch GET 200 https://registry.npmjs.org/buffer-alloc-unsafe 31ms (cache revalidated)
npm http fetch GET 200 https://registry.npmjs.org/p-try 27ms (cache revalidated)
npm verb reify failed optional dependency C:\Work\Automation\Cypress\CypressProject1\tmpBstackPackages\node_modules\fsevents
npm http fetch POST 200 https://registry.npmjs.org/-/npm/v1/security/advisories/bulk 441ms
npm WARN deprecated cypress-xpath@2.0.1: Package no longer supported. Contact Support at https://www.npmjs.com/support for more info.
npm WARN deprecated har-validator@5.1.5: this library is no longer supported
npm WARN deprecated uuid@3.4.0: Please upgrade  to version 7 or higher.  Older versions may use Math.random() in certain circumstances, which is known to be problematic.  See https://v8.dev/blog/math-random for details.
npm WARN deprecated request@2.88.2: request has been deprecated, see https://github.com/request/request/issues/3142
npm info run cypress@13.8.1 postinstall node_modules/cypress node index.js --exec install
npm info run cypress@13.8.1 postinstall { code: 0, signal: null }

added 449 packages, and audited 450 packages in 32s

66 packages are looking for funding
  run `npm fund` for details

7 moderate severity vulnerabilities

To address all issues (including breaking changes), run:
  npm audit fix --force

Run `npm audit` for details.
npm verb exit 0
npm info ok 
